<?xml version="1.0" ?>
<coverage line-rate="1" branch-rate="1" version="1" timestamp="1" lines-covered="1" lines-valid="1" branches-covered="0" branches-valid="0" complexity="0">
  <packages>
    <package name="palindrome" line-rate="1" branch-rate="1" complexity="0">
      <classes>
        <class name="palindrome" filename="src/py/palindrome.py" line-rate="1" branch-rate="1" complexity="0">
          <methods/>
          <lines>
            <line number="1" hits="1"/>
          </lines>
        </class>
      </classes>
    </package>
  </packages>
</coverage>
